::1 GET / 200 15 - 2.409 ms
::1 GET /favicon.ico 404 38 - 1.275 ms
::1 GET /products 404 38 - 0.390 ms
::1 GET /perfumes 200 3308 - 65.924 ms
::1 POST /auth/register 200 55 - 635.294 ms
::1 POST /auth/register 200 55 - 634.277 ms
::1 POST /auth/register 200 55 - 2672.500 ms
::1 POST /auth/register 409 68 - 148.897 ms
::1 POST /auth/register 200 55 - 3447.517 ms
::1 POST /auth/register 200 55 - 3155.782 ms
::1 POST /auth/register 400 54 - 8.170 ms
::1 POST /auth/register 400 54 - 1.321 ms
::1 POST /auth/register 400 54 - 0.829 ms
::1 POST /auth/register 400 54 - 1.017 ms
::1 POST /auth/register 400 54 - 0.785 ms
::1 POST /auth/register 429 74 - 0.644 ms
::1 POST /auth/register 429 74 - 0.484 ms
::1 POST /auth/register 409 68 - 1617.677 ms
::1 POST /perfumes 401 49 - 2.276 ms
::1 POST /auth/login 200 207 - 158.692 ms
::1 POST /perfumes 400 78 - 3.883 ms
::1 POST /perfumes 400 78 - 17.495 ms
::1 POST /perfumes 400 78 - 5.011 ms
::1 POST /perfumes 400 78 - 5.863 ms
::1 POST /perfumes 201 527 - 142.601 ms
::1 POST /perfumes 400 48 - 53.267 ms
::1 GET /perfumes 200 3812 - 45.769 ms
::1 GET /perfumes/6931c565d8a4a2aa9e86f316 200 527 - 47.307 ms
::1 DELETE /perfumes/6931c565d8a4a2aa9e86f316 200 527 - 54.475 ms
::1 POST /perfumes 201 527 - 96.700 ms
::1 GET /perfumes 200 529 - 58.343 ms
::1 PATCH /perfumes/691d0624c4c71313ae6884d9 401 49 - 0.982 ms
::1 POST /perfumes 400 78 - 14.336 ms
::1 POST /perfumes 400 78 - 5.467 ms
::1 POST /perfumes 201 542 - 134.201 ms
::1 GET / 200 15 - 2.583 ms
::1 GET /perfumes 200 1048 - 54.867 ms
::1 GET /uploads/1764870494473-a3b5138f-3dbe-43f7-ac74-78c706b0e8d5.jpg 404 38 - 2.655 ms
::1 GET /uploads/1764869632265-f24dc42f-50b4-46c5-aa81-ac90c087854a.jpg 404 38 - 2.421 ms
::1 GET /perfumes 304 - - 46.716 ms
::1 GET /perfumes 304 - - 46.715 ms
::1 GET /uploads/1764869632265-f24dc42f-50b4-46c5-aa81-ac90c087854a.jpg 404 38 - 1.107 ms
::1 GET /uploads/1764870494473-a3b5138f-3dbe-43f7-ac74-78c706b0e8d5.jpg 404 38 - 2.005 ms
::1 GET /perfumes 304 - - 43.333 ms
::1 GET /perfumes 304 - - 49.614 ms
::1 GET /uploads/1764869632265-f24dc42f-50b4-46c5-aa81-ac90c087854a.jpg 404 38 - 0.876 ms
::1 GET /uploads/1764870494473-a3b5138f-3dbe-43f7-ac74-78c706b0e8d5.jpg 404 38 - 1.350 ms
::1 GET /perfumes 304 - - 43.106 ms
::1 GET /perfumes 304 - - 43.732 ms
::1 GET /uploads/1764869632265-f24dc42f-50b4-46c5-aa81-ac90c087854a.jpg 404 38 - 1.038 ms
::1 GET /uploads/1764870494473-a3b5138f-3dbe-43f7-ac74-78c706b0e8d5.jpg 404 38 - 1.321 ms
::1 GET /perfumes 304 - - 44.404 ms
::1 PATCH /perfumes/6931c95ea0dbe03a5b7619da 401 49 - 0.501 ms
::1 PATCH /perfumes/6931c95ea0dbe03a5b7619da 400 405 - 16.053 ms
::1 PATCH /perfumes/6931c95ea0dbe03a5b7619da 400 425 - 16.312 ms
::1 GET /perfumes 304 - - 62.846 ms
::1 GET /uploads/1764869632265-f24dc42f-50b4-46c5-aa81-ac90c087854a.jpg 404 38 - 3.277 ms
::1 GET /uploads/1764870494473-a3b5138f-3dbe-43f7-ac74-78c706b0e8d5.jpg 404 38 - 4.156 ms
::1 GET /perfumes 304 - - 45.072 ms
::1 GET /perfumes 304 - - 59.759 ms
::1 GET /perfumes/http://localhost:2222/uploads/1764869632265-f24dc42f-50b4-46c5-aa81-ac90c087854a.jpg 404 38 - 1.490 ms
::1 GET /perfumes/http://localhost:2222/uploads/1764870494473-a3b5138f-3dbe-43f7-ac74-78c706b0e8d5.jpg 404 38 - 0.559 ms
::1 GET /perfumes 304 - - 43.509 ms
::1 GET /perfumes 304 - - 44.706 ms
::1 GET /perfumes/http://localhost:2222/uploads/1764869632265-f24dc42f-50b4-46c5-aa81-ac90c087854a.jpg 404 38 - 0.351 ms
::1 GET /perfumes/http://localhost:2222/uploads/1764870494473-a3b5138f-3dbe-43f7-ac74-78c706b0e8d5.jpg 404 38 - 1.041 ms
::1 GET /perfumes 304 - - 47.551 ms
::1 GET /perfumes 304 - - 50.545 ms
::1 GET /perfumes/http://localhost:2222/uploads/1764869632265-f24dc42f-50b4-46c5-aa81-ac90c087854a.jpg 404 38 - 0.291 ms
::1 GET /perfumes/http://localhost:2222/uploads/1764870494473-a3b5138f-3dbe-43f7-ac74-78c706b0e8d5.jpg 404 38 - 0.462 ms
::1 GET /perfumes 304 - - 43.697 ms
::1 GET /perfumes 304 - - 50.666 ms
::1 GET /perfumes/http://localhost:2222/uploads/1764869632265-f24dc42f-50b4-46c5-aa81-ac90c087854a.jpg 404 38 - 0.365 ms
::1 GET /perfumes/http://localhost:2222/uploads/1764870494473-a3b5138f-3dbe-43f7-ac74-78c706b0e8d5.jpg 404 38 - 0.323 ms
::1 GET /perfumes 304 - - 45.183 ms
::1 PATCH /perfumes/6931c95ea0dbe03a5b7619da 401 39 - 2.781 ms
::1 GET /perfumes 304 - - 48.189 ms
::1 GET /perfumes/http://localhost:2222/uploads/1764869632265-f24dc42f-50b4-46c5-aa81-ac90c087854a.jpg 404 38 - 0.574 ms
::1 GET /perfumes/http://localhost:2222/uploads/1764870494473-a3b5138f-3dbe-43f7-ac74-78c706b0e8d5.jpg 404 38 - 0.232 ms
::1 GET /perfumes 304 - - 48.388 ms
::1 PATCH /perfumes/6931c95ea0dbe03a5b7619da 401 49 - 0.257 ms
::1 GET /perfumes 304 - - 48.524 ms
::1 PATCH /perfumes/6931c95ea0dbe03a5b7619da 401 49 - 0.360 ms
::1 GET /perfumes 304 - - 46.024 ms
::1 GET /perfumes 304 - - 44.096 ms
::1 GET /perfumes/http://localhost:2222/uploads/1764869632265-f24dc42f-50b4-46c5-aa81-ac90c087854a.jpg 404 38 - 0.245 ms
::1 GET /perfumes/http://localhost:2222/uploads/1764870494473-a3b5138f-3dbe-43f7-ac74-78c706b0e8d5.jpg 404 38 - 0.265 ms
::1 GET /perfumes 304 - - 43.870 ms
::1 GET /perfumes 304 - - 50.554 ms
::1 GET /perfumes/http://localhost:2222/uploads/1764869632265-f24dc42f-50b4-46c5-aa81-ac90c087854a.jpg 404 38 - 0.173 ms
::1 GET /perfumes/http://localhost:2222/uploads/1764870494473-a3b5138f-3dbe-43f7-ac74-78c706b0e8d5.jpg 404 38 - 0.110 ms
::1 GET /perfumes 304 - - 41.532 ms
::1 GET /perfumes? 200 1048 - 47.296 ms
::1 GET /perfumes? 304 - - 49.606 ms
::1 GET /perfumes? 304 - - 420.735 ms
::1 GET /perfumes/http://localhost:2222/uploads/1764870494473-a3b5138f-3dbe-43f7-ac74-78c706b0e8d5.jpg 404 38 - 0.354 ms
::1 GET /perfumes/http://localhost:2222/uploads/1764869632265-f24dc42f-50b4-46c5-aa81-ac90c087854a.jpg 404 38 - 0.318 ms
::1 GET /perfumes? 304 - - 48.414 ms
::1 GET /perfumes?name=Khamrah&stock=true 200 1048 - 53.887 ms
::1 GET /perfumes?name=Khamrah&stock=true 304 - - 47.546 ms
::1 GET /perfumes?name=Khamrah&stock=true 304 - - 44.273 ms
::1 GET /perfumes?name=Khamrah&stock=true 304 - - 46.008 ms
::1 GET /perfumes?name=Khamrah&stock=true 304 - - 46.622 ms
::1 GET /perfumes?name=Khamrah&stock=true 304 - - 49.858 ms
::1 GET /perfumes?name=Khamrah&stock=true 304 - - 47.622 ms
::1 GET /perfumes?brand=Lattafa&stock=true 200 1048 - 45.966 ms
::1 GET /perfumes?brand=Lattafa&stock=true 304 - - 47.634 ms
::1 GET /perfumes?brand=Lattafa&stock=true 304 - - 47.200 ms
::1 GET /perfumes?brand=Lattafa&stock=true 304 - - 44.444 ms
::1 GET /perfumes?brand=Lattafa 200 1048 - 41.923 ms
::1 GET /perfumes?brand=Lattafa 304 - - 46.130 ms
::1 GET /perfumes?brand=Lattafa 304 - - 42.965 ms
::1 GET /perfumes?brand=Lattafa 304 - - 44.057 ms
::1 GET /perfumes?brand=Lattafa 304 - - 52.246 ms
::1 GET /perfumes?brand=Lattafa 304 - - 42.982 ms
::1 GET /perfumes?brand=Lattafa 304 - - 43.638 ms
::1 GET /perfumes?brand=Lattafa 304 - - 41.900 ms
::1 GET /perfumes?brand=Lattafa 304 - - 44.033 ms
::1 GET /perfumes?brand=Lattafa 304 - - 44.614 ms
::1 GET /perfumes?brand=Lattafa 304 - - 45.968 ms
::1 GET /perfumes?brand=Lattafa 304 - - 46.824 ms
::1 GET /perfumes?brand=Lattafa 304 - - 48.368 ms
::1 GET /perfumes?brand=Lattafa 304 - - 49.045 ms
::1 GET /perfumes/http://localhost:2222/uploads/1764870494473-a3b5138f-3dbe-43f7-ac74-78c706b0e8d5.jpg 404 38 - 0.360 ms
::1 GET /perfumes/http://localhost:2222/uploads/1764869632265-f24dc42f-50b4-46c5-aa81-ac90c087854a.jpg 404 38 - 0.527 ms
::1 GET /perfumes? 304 - - 47.845 ms
::1 GET /perfumes/http://localhost:2222/uploads/1764870494473-a3b5138f-3dbe-43f7-ac74-78c706b0e8d5.jpg 404 38 - 0.528 ms
::1 GET /perfumes/http://localhost:2222/uploads/1764869632265-f24dc42f-50b4-46c5-aa81-ac90c087854a.jpg 404 38 - 0.280 ms
::1 GET /perfumes? 304 - - 49.643 ms
::1 GET /perfumes? 304 - - 57.458 ms
::1 GET /perfumes/http://localhost:2222/uploads/1764870494473-a3b5138f-3dbe-43f7-ac74-78c706b0e8d5.jpg 404 38 - 0.213 ms
::1 GET /perfumes/http://localhost:2222/uploads/1764869632265-f24dc42f-50b4-46c5-aa81-ac90c087854a.jpg 404 38 - 0.282 ms
::1 GET /perfumes? 304 - - 56.355 ms
::1 GET /perfumes/http://localhost:2222/uploads/1764870494473-a3b5138f-3dbe-43f7-ac74-78c706b0e8d5.jpg 404 38 - 0.220 ms
::1 GET /perfumes/http://localhost:2222/uploads/1764869632265-f24dc42f-50b4-46c5-aa81-ac90c087854a.jpg 404 38 - 0.138 ms
::1 GET /perfumes?name=Khamrah 200 1048 - 44.556 ms
::1 GET /perfumes?name=Khamrah 304 - - 41.895 ms
::1 GET /perfumes?name=Khamrah 304 - - 43.601 ms
::1 GET /perfumes?name=Khamrah 304 - - 47.899 ms
::1 GET /perfumes?name=Khamrah 304 - - 45.950 ms
::1 GET /perfumes?name=Khamrah 304 - - 43.389 ms
::1 GET /perfumes?name=Khamrah 304 - - 46.449 ms
::1 GET /perfumes?name=Khamrah 304 - - 44.518 ms
::1 GET /perfumes? 304 - - 56.976 ms
::1 GET /perfumes/http://localhost:2222/uploads/1764870494473-a3b5138f-3dbe-43f7-ac74-78c706b0e8d5.jpg 404 38 - 0.183 ms
::1 GET /perfumes/http://localhost:2222/uploads/1764869632265-f24dc42f-50b4-46c5-aa81-ac90c087854a.jpg 404 38 - 0.280 ms
::1 GET /perfumes? 304 - - 44.816 ms
::1 GET /perfumes? 304 - - 46.071 ms
::1 GET /perfumes? 304 - - 50.886 ms
::1 GET /perfumes? 304 - - 50.070 ms
::1 GET /perfumes?maxPrice=40 200 1048 - 58.722 ms
::1 GET /perfumes?maxPrice=40 304 - - 44.911 ms
::1 GET /perfumes?maxPrice=40 304 - - 48.226 ms
::1 GET /perfumes?maxPrice=40 304 - - 43.811 ms
::1 GET /perfumes?maxPrice=40 304 - - 47.837 ms
::1 GET /perfumes?maxPrice=40 304 - - 44.480 ms
::1 GET /perfumes?maxPrice=40 200 544 - 64.362 ms
::1 GET /perfumes? 304 - - 48.279 ms
::1 GET /perfumes/http://localhost:2222/uploads/1764869632265-f24dc42f-50b4-46c5-aa81-ac90c087854a.jpg 404 38 - 0.492 ms
::1 GET /perfumes?maxPrice=40 304 - - 54.622 ms
::1 GET /perfumes? 304 - - 49.895 ms
::1 GET /perfumes/http://localhost:2222/uploads/1764869632265-f24dc42f-50b4-46c5-aa81-ac90c087854a.jpg 404 38 - 0.502 ms
::1 GET /perfumes? 304 - - 51.722 ms
::1 GET /perfumes/http://localhost:2222/uploads/1764870494473-a3b5138f-3dbe-43f7-ac74-78c706b0e8d5.jpg 404 38 - 0.540 ms
::1 GET /perfumes/http://localhost:2222/uploads/1764869632265-f24dc42f-50b4-46c5-aa81-ac90c087854a.jpg 404 38 - 0.423 ms
::1 GET /perfumes? 304 - - 47.214 ms
::1 GET /perfumes? 304 - - 75.823 ms
::1 GET /perfumes? 304 - - 51.648 ms
::1 GET /perfumes? 304 - - 103.699 ms
::1 GET /perfumes/http://localhost:2222/uploads/1764869632265-f24dc42f-50b4-46c5-aa81-ac90c087854a.jpg 404 38 - 2.689 ms
::1 GET /perfumes/http://localhost:2222/uploads/1764870494473-a3b5138f-3dbe-43f7-ac74-78c706b0e8d5.jpg 404 38 - 1.536 ms
::1 GET /perfumes? 304 - - 60.547 ms
::1 GET /perfumes? 304 - - 46.617 ms
::1 GET /perfumes/http://localhost:2222/uploads/1764870494473-a3b5138f-3dbe-43f7-ac74-78c706b0e8d5.jpg 404 38 - 0.841 ms
::1 GET /perfumes/http://localhost:2222/uploads/1764869632265-f24dc42f-50b4-46c5-aa81-ac90c087854a.jpg 404 38 - 0.466 ms
::1 GET /perfumes? 304 - - 44.879 ms
::1 GET /perfumes? 304 - - 47.068 ms
::1 GET /perfumes/http://localhost:2222/uploads/1764870494473-a3b5138f-3dbe-43f7-ac74-78c706b0e8d5.jpg 404 38 - 0.284 ms
::1 GET /perfumes/http://localhost:2222/uploads/1764869632265-f24dc42f-50b4-46c5-aa81-ac90c087854a.jpg 404 38 - 0.318 ms
::1 GET /perfumes? 304 - - 50.200 ms
::1 GET /perfumes? 304 - - 50.404 ms
::1 GET /perfumes/http://localhost:2222/uploads/1764870494473-a3b5138f-3dbe-43f7-ac74-78c706b0e8d5.jpg 404 38 - 0.563 ms
::1 GET /perfumes/http://localhost:2222/uploads/1764869632265-f24dc42f-50b4-46c5-aa81-ac90c087854a.jpg 404 38 - 0.363 ms
::1 GET /perfumes? 304 - - 43.477 ms
::1 GET /perfumes? 304 - - 65.805 ms
::1 GET /perfumes/http://localhost:2222/uploads/1764870494473-a3b5138f-3dbe-43f7-ac74-78c706b0e8d5.jpg 404 38 - 1.572 ms
::1 GET /perfumes/http://localhost:2222/uploads/1764869632265-f24dc42f-50b4-46c5-aa81-ac90c087854a.jpg 404 38 - 0.385 ms
::1 GET /perfumes? 304 - - 51.595 ms
::1 GET /perfumes? 304 - - 49.874 ms
::1 GET /perfumes/http://localhost:2222/uploads/1764869632265-f24dc42f-50b4-46c5-aa81-ac90c087854a.jpg 404 38 - 0.572 ms
::1 GET /perfumes/http://localhost:2222/uploads/1764870494473-a3b5138f-3dbe-43f7-ac74-78c706b0e8d5.jpg 404 38 - 0.512 ms
::1 GET /perfumes? 304 - - 42.317 ms
::1 GET /perfumes? 304 - - 50.141 ms
::1 GET /perfumes/http://localhost:2222/uploads/1764870494473-a3b5138f-3dbe-43f7-ac74-78c706b0e8d5.jpg 404 38 - 0.498 ms
::1 GET /perfumes/http://localhost:2222/uploads/1764869632265-f24dc42f-50b4-46c5-aa81-ac90c087854a.jpg 404 38 - 0.228 ms
::1 GET /perfumes? 304 - - 52.422 ms
::1 GET /perfumes?maxPrice=40 304 - - 50.796 ms
::1 GET /perfumes?maxPrice=50 200 1048 - 41.955 ms
::1 GET /perfumes/http://localhost:2222/uploads/1764869632265-f24dc42f-50b4-46c5-aa81-ac90c087854a.jpg 404 38 - 0.292 ms
::1 GET /perfumes?minPrice=40 200 529 - 41.950 ms
::1 GET /perfumes?volumeMl=60+ml 500 124 - 28.257 ms
::1 GET /perfumes?volumeMl=60+ 200 26 - 40.999 ms
::1 GET /perfumes?genre=masculino 200 544 - 48.578 ms
::1 GET /perfumes/http://localhost:2222/uploads/1764870494473-a3b5138f-3dbe-43f7-ac74-78c706b0e8d5.jpg 404 38 - 0.302 ms
::1 GET /perfumes?genre=unisex 200 529 - 41.666 ms
::1 GET /perfumes/http://localhost:2222/uploads/1764869632265-f24dc42f-50b4-46c5-aa81-ac90c087854a.jpg 404 38 - 0.277 ms
::1 GET /perfumes?concentration=edt 200 544 - 48.493 ms
::1 GET /perfumes/http://localhost:2222/uploads/1764870494473-a3b5138f-3dbe-43f7-ac74-78c706b0e8d5.jpg 404 38 - 0.247 ms
::1 GET /perfumes? 304 - - 47.086 ms
::1 GET /perfumes/http://localhost:2222/uploads/1764869632265-f24dc42f-50b4-46c5-aa81-ac90c087854a.jpg 404 38 - 0.222 ms
::1 GET /perfumes? 304 - - 45.416 ms
::1 GET /perfumes/http://localhost:2222/uploads/1764870494473-a3b5138f-3dbe-43f7-ac74-78c706b0e8d5.jpg 404 38 - 0.296 ms
::1 GET /perfumes/http://localhost:2222/uploads/1764869632265-f24dc42f-50b4-46c5-aa81-ac90c087854a.jpg 404 38 - 0.155 ms
::1 GET /perfumes? 304 - - 50.371 ms
::1 GET /perfumes? 304 - - 41.822 ms
::1 GET /perfumes/http://localhost:2222/uploads/1764870494473-a3b5138f-3dbe-43f7-ac74-78c706b0e8d5.jpg 404 38 - 0.345 ms
::1 GET /perfumes/http://localhost:2222/uploads/1764869632265-f24dc42f-50b4-46c5-aa81-ac90c087854a.jpg 404 38 - 0.214 ms
::1 GET /perfumes? 304 - - 41.361 ms
::1 GET /perfumes? 304 - - 46.512 ms
::1 GET /perfumes/http://localhost:2222/uploads/1764870494473-a3b5138f-3dbe-43f7-ac74-78c706b0e8d5.jpg 404 38 - 0.515 ms
::1 GET /perfumes/http://localhost:2222/uploads/1764869632265-f24dc42f-50b4-46c5-aa81-ac90c087854a.jpg 404 38 - 0.350 ms
::1 GET /perfumes? 304 - - 43.904 ms
::1 GET /perfumes? 304 - - 43.813 ms
::1 GET /perfumes/http://localhost:2222/uploads/1764869632265-f24dc42f-50b4-46c5-aa81-ac90c087854a.jpg 404 38 - 0.371 ms
::1 GET /perfumes/http://localhost:2222/uploads/1764870494473-a3b5138f-3dbe-43f7-ac74-78c706b0e8d5.jpg 404 38 - 0.289 ms
::1 GET /perfumes? 304 - - 42.422 ms
::1 GET /perfumes? 304 - - 40.681 ms
::1 GET /perfumes/http://localhost:2222/uploads/1764869632265-f24dc42f-50b4-46c5-aa81-ac90c087854a.jpg 404 38 - 0.696 ms
::1 GET /perfumes/http://localhost:2222/uploads/1764870494473-a3b5138f-3dbe-43f7-ac74-78c706b0e8d5.jpg 404 38 - 0.325 ms
::1 GET /perfumes? 304 - - 42.042 ms
::1 GET /perfumes? 304 - - 47.875 ms
::1 GET /perfumes/http://localhost:2222/uploads/1764870494473-a3b5138f-3dbe-43f7-ac74-78c706b0e8d5.jpg 404 38 - 0.285 ms
::1 GET /perfumes/http://localhost:2222/uploads/1764869632265-f24dc42f-50b4-46c5-aa81-ac90c087854a.jpg 404 38 - 0.215 ms
::1 GET /perfumes? 304 - - 40.706 ms
::1 GET /perfumes? 304 - - 47.854 ms
::1 GET /perfumes? 304 - - 42.088 ms
::1 GET /perfumes/http://localhost:2222/uploads/1764870494473-a3b5138f-3dbe-43f7-ac74-78c706b0e8d5.jpg 404 38 - 0.351 ms
::1 GET /perfumes/http://localhost:2222/uploads/1764869632265-f24dc42f-50b4-46c5-aa81-ac90c087854a.jpg 404 38 - 0.914 ms
::1 POST /auth/login 200 207 - 155.260 ms
::1 GET /perfumes? 304 - - 45.424 ms
::1 GET /perfumes/http://localhost:2222/uploads/1764870494473-a3b5138f-3dbe-43f7-ac74-78c706b0e8d5.jpg 404 38 - 0.246 ms
::1 GET /perfumes/http://localhost:2222/uploads/1764869632265-f24dc42f-50b4-46c5-aa81-ac90c087854a.jpg 404 38 - 0.205 ms
::1 GET /perfumes? 304 - - 46.052 ms
::1 POST /auth/login 200 207 - 130.669 ms
::1 GET /perfumes? 304 - - 44.989 ms
::1 GET /perfumes/http://localhost:2222/uploads/1764869632265-f24dc42f-50b4-46c5-aa81-ac90c087854a.jpg 404 38 - 0.468 ms
::1 GET /perfumes/http://localhost:2222/uploads/1764870494473-a3b5138f-3dbe-43f7-ac74-78c706b0e8d5.jpg 404 38 - 1.652 ms
::1 GET /perfumes? 304 - - 52.237 ms
::1 POST /auth/login 200 207 - 111.502 ms
::1 GET /perfumes? 304 - - 44.652 ms
::1 GET /perfumes/http://localhost:2222/uploads/1764870494473-a3b5138f-3dbe-43f7-ac74-78c706b0e8d5.jpg 404 38 - 0.859 ms
::1 GET /perfumes/http://localhost:2222/uploads/1764869632265-f24dc42f-50b4-46c5-aa81-ac90c087854a.jpg 404 38 - 0.294 ms
::1 GET /perfumes? 304 - - 43.770 ms
::1 POST /auth/login 200 207 - 116.036 ms
::1 GET /perfumes? 304 - - 42.474 ms
::1 GET /perfumes/http://localhost:2222/uploads/1764870494473-a3b5138f-3dbe-43f7-ac74-78c706b0e8d5.jpg 404 38 - 0.257 ms
::1 GET /perfumes/http://localhost:2222/uploads/1764869632265-f24dc42f-50b4-46c5-aa81-ac90c087854a.jpg 404 38 - 0.346 ms
::1 GET /perfumes? 304 - - 43.405 ms
::1 POST /auth/login 200 207 - 115.978 ms
::1 GET /perfumes? 304 - - 43.826 ms
::1 GET /perfumes/http://localhost:2222/uploads/1764870494473-a3b5138f-3dbe-43f7-ac74-78c706b0e8d5.jpg 404 38 - 0.256 ms
::1 GET /perfumes/http://localhost:2222/uploads/1764869632265-f24dc42f-50b4-46c5-aa81-ac90c087854a.jpg 404 38 - 0.144 ms
::1 GET /perfumes? 304 - - 40.287 ms
::1 POST /auth/login 429 74 - 0.554 ms
::ffff:127.0.0.1 POST /auth/login 200 207 - 765.048 ms
::1 POST /auth/login 200 207 - 133.556 ms
::1 POST /auth/login 200 207 - 114.282 ms
