::1 GET /perfumes? 304 - - 717.544 ms
::1 GET /perfumes/http://localhost:2222/uploads/1764870494473-a3b5138f-3dbe-43f7-ac74-78c706b0e8d5.jpg 404 38 - 0.641 ms
::1 GET /perfumes/http://localhost:2222/uploads/1764869632265-f24dc42f-50b4-46c5-aa81-ac90c087854a.jpg 404 38 - 0.285 ms
::1 GET /perfumes? 304 - - 48.983 ms
::1 GET /perfumes? 304 - - 51.817 ms
::1 GET /perfumes/http://localhost:2222/uploads/1764870494473-a3b5138f-3dbe-43f7-ac74-78c706b0e8d5.jpg 404 38 - 0.529 ms
::1 GET /perfumes/http://localhost:2222/uploads/1764869632265-f24dc42f-50b4-46c5-aa81-ac90c087854a.jpg 404 38 - 0.598 ms
::1 GET /perfumes? 304 - - 46.989 ms
::1 POST /auth/register 409 68 - 102.664 ms
::1 POST /auth/register 200 55 - 3392.666 ms
::1 POST /auth/register 200 55 - 2677.241 ms
::1 POST /auth/register 200 55 - 2313.620 ms
::1 POST /auth/login 200 207 - 110.983 ms
::1 GET /perfumes? 304 - - 47.223 ms
::1 GET /perfumes/http://localhost:2222/uploads/1764870494473-a3b5138f-3dbe-43f7-ac74-78c706b0e8d5.jpg 404 38 - 0.232 ms
::1 GET /perfumes/http://localhost:2222/uploads/1764869632265-f24dc42f-50b4-46c5-aa81-ac90c087854a.jpg 404 38 - 0.181 ms
::1 GET /perfumes? 304 - - 48.020 ms
::1 GET /perfumes? 304 - - 43.300 ms
::1 GET /perfumes/http://localhost:2222/uploads/1764870494473-a3b5138f-3dbe-43f7-ac74-78c706b0e8d5.jpg 404 38 - 0.226 ms
::1 GET /perfumes/http://localhost:2222/uploads/1764869632265-f24dc42f-50b4-46c5-aa81-ac90c087854a.jpg 404 38 - 0.295 ms
::1 GET /perfumes? 304 - - 46.741 ms
::1 GET /perfumes? 304 - - 43.438 ms
::1 GET /perfumes/http://localhost:2222/uploads/1764870494473-a3b5138f-3dbe-43f7-ac74-78c706b0e8d5.jpg 404 38 - 0.188 ms
::1 GET /perfumes/http://localhost:2222/uploads/1764869632265-f24dc42f-50b4-46c5-aa81-ac90c087854a.jpg 404 38 - 0.222 ms
::1 GET /perfumes? 304 - - 43.596 ms
::1 GET /perfumes? 304 - - 43.041 ms
::1 GET /perfumes/http://localhost:2222/uploads/1764870494473-a3b5138f-3dbe-43f7-ac74-78c706b0e8d5.jpg 404 38 - 0.227 ms
::1 GET /perfumes/http://localhost:2222/uploads/1764869632265-f24dc42f-50b4-46c5-aa81-ac90c087854a.jpg 404 38 - 0.395 ms
::1 GET /perfumes? 304 - - 43.966 ms
::1 GET /perfumes? 304 - - 45.682 ms
::1 GET /perfumes/http://localhost:2222/uploads/1764870494473-a3b5138f-3dbe-43f7-ac74-78c706b0e8d5.jpg 404 38 - 0.182 ms
::1 GET /perfumes/http://localhost:2222/uploads/1764869632265-f24dc42f-50b4-46c5-aa81-ac90c087854a.jpg 404 38 - 0.221 ms
::1 GET /perfumes? 304 - - 45.371 ms
::1 GET /perfumes? 304 - - 42.806 ms
::1 GET /perfumes/http://localhost:2222/uploads/1764870494473-a3b5138f-3dbe-43f7-ac74-78c706b0e8d5.jpg 404 38 - 0.169 ms
::1 GET /perfumes/http://localhost:2222/uploads/1764869632265-f24dc42f-50b4-46c5-aa81-ac90c087854a.jpg 404 38 - 0.189 ms
::1 GET /perfumes? 304 - - 40.747 ms
::1 GET /perfumes? 304 - - 48.021 ms
::1 GET /perfumes/http://localhost:2222/uploads/1764870494473-a3b5138f-3dbe-43f7-ac74-78c706b0e8d5.jpg 404 38 - 0.357 ms
::1 GET /perfumes/http://localhost:2222/uploads/1764869632265-f24dc42f-50b4-46c5-aa81-ac90c087854a.jpg 404 38 - 0.236 ms
::1 GET /perfumes? 304 - - 41.116 ms
::1 POST /email/send 200 586 - 3025.024 ms
::1 POST /auth/register 200 55 - 2224.512 ms
::1 POST /auth/login 200 207 - 100.827 ms
::1 GET /perfumes? 304 - - 46.354 ms
::1 GET /perfumes/http://localhost:2222/uploads/1764870494473-a3b5138f-3dbe-43f7-ac74-78c706b0e8d5.jpg 404 38 - 0.216 ms
::1 GET /perfumes/http://localhost:2222/uploads/1764869632265-f24dc42f-50b4-46c5-aa81-ac90c087854a.jpg 404 38 - 0.318 ms
::1 GET /perfumes? 304 - - 46.312 ms
::1 GET /perfumes?concentration=EDP 200 529 - 45.267 ms
::1 GET /perfumes?concentration=Extrait 200 26 - 41.811 ms
::1 GET /perfumes? 304 - - 41.376 ms
::1 GET /perfumes/http://localhost:2222/uploads/1764870494473-a3b5138f-3dbe-43f7-ac74-78c706b0e8d5.jpg 404 38 - 0.293 ms
::1 GET /perfumes/http://localhost:2222/uploads/1764869632265-f24dc42f-50b4-46c5-aa81-ac90c087854a.jpg 404 38 - 0.162 ms
::1 GET /perfumes?genre=Masculino 200 544 - 41.748 ms
::1 GET /perfumes?genre=Unisex 200 529 - 43.645 ms
::1 GET /perfumes/http://localhost:2222/uploads/1764869632265-f24dc42f-50b4-46c5-aa81-ac90c087854a.jpg 404 38 - 0.167 ms
::1 GET /perfumes?genre=Femenino 200 26 - 43.695 ms
::1 GET /perfumes? 304 - - 41.042 ms
::1 GET /perfumes/http://localhost:2222/uploads/1764870494473-a3b5138f-3dbe-43f7-ac74-78c706b0e8d5.jpg 404 38 - 0.147 ms
::1 GET /perfumes/http://localhost:2222/uploads/1764869632265-f24dc42f-50b4-46c5-aa81-ac90c087854a.jpg 404 38 - 0.171 ms
::1 GET /perfumes? 304 - - 41.493 ms
::1 GET /perfumes/http://localhost:2222/uploads/1764870494473-a3b5138f-3dbe-43f7-ac74-78c706b0e8d5.jpg 404 38 - 0.132 ms
::1 GET /perfumes/http://localhost:2222/uploads/1764869632265-f24dc42f-50b4-46c5-aa81-ac90c087854a.jpg 404 38 - 0.175 ms
::1 GET /perfumes? 304 - - 40.614 ms
::1 POST /auth/login 200 207 - 105.102 ms
::1 GET /perfumes? 304 - - 47.484 ms
::1 GET /perfumes/http://localhost:2222/uploads/1764869632265-f24dc42f-50b4-46c5-aa81-ac90c087854a.jpg 404 38 - 0.310 ms
::1 GET /perfumes/http://localhost:2222/uploads/1764870494473-a3b5138f-3dbe-43f7-ac74-78c706b0e8d5.jpg 404 38 - 0.344 ms
::1 GET /perfumes? 304 - - 43.568 ms
::1 GET /perfumes? 304 - - 41.114 ms
::1 GET /perfumes/http://localhost:2222/uploads/1764870494473-a3b5138f-3dbe-43f7-ac74-78c706b0e8d5.jpg 404 38 - 0.147 ms
::1 GET /perfumes/http://localhost:2222/uploads/1764869632265-f24dc42f-50b4-46c5-aa81-ac90c087854a.jpg 404 38 - 0.142 ms
::1 GET /perfumes? 304 - - 40.574 ms
::1 GET /perfumes? 304 - - 44.911 ms
::1 GET /perfumes/http://localhost:2222/uploads/1764870494473-a3b5138f-3dbe-43f7-ac74-78c706b0e8d5.jpg 404 38 - 0.214 ms
::1 GET /perfumes/http://localhost:2222/uploads/1764869632265-f24dc42f-50b4-46c5-aa81-ac90c087854a.jpg 404 38 - 0.139 ms
::1 GET /perfumes? 304 - - 43.719 ms
::1 GET /perfumes? 304 - - 44.654 ms
::1 GET /perfumes/http://localhost:2222/uploads/1764870494473-a3b5138f-3dbe-43f7-ac74-78c706b0e8d5.jpg 404 38 - 0.360 ms
::1 GET /perfumes/http://localhost:2222/uploads/1764869632265-f24dc42f-50b4-46c5-aa81-ac90c087854a.jpg 404 38 - 0.198 ms
::1 GET /perfumes? 304 - - 43.675 ms
::1 GET /perfumes? 304 - - 46.025 ms
::1 GET /perfumes/http://localhost:2222/uploads/1764870494473-a3b5138f-3dbe-43f7-ac74-78c706b0e8d5.jpg 404 38 - 0.152 ms
::1 GET /perfumes/http://localhost:2222/uploads/1764869632265-f24dc42f-50b4-46c5-aa81-ac90c087854a.jpg 404 38 - 0.483 ms
::1 GET /perfumes? 304 - - 43.577 ms
::1 GET /perfumes? 304 - - 45.680 ms
::1 GET /perfumes/http://localhost:2222/uploads/1764870494473-a3b5138f-3dbe-43f7-ac74-78c706b0e8d5.jpg 404 38 - 0.191 ms
::1 GET /perfumes/http://localhost:2222/uploads/1764869632265-f24dc42f-50b4-46c5-aa81-ac90c087854a.jpg 404 38 - 0.162 ms
::1 GET /perfumes? 304 - - 43.557 ms
::1 GET /perfumes? 304 - - 43.381 ms
::1 GET /perfumes/http://localhost:2222/uploads/1764870494473-a3b5138f-3dbe-43f7-ac74-78c706b0e8d5.jpg 404 38 - 0.177 ms
::1 GET /perfumes/http://localhost:2222/uploads/1764869632265-f24dc42f-50b4-46c5-aa81-ac90c087854a.jpg 404 38 - 0.182 ms
::1 GET /perfumes? 304 - - 47.769 ms
::1 DELETE /perfumes/6931c600d8a4a2aa9e86f31d 200 527 - 59.299 ms
::1 GET /perfumes? 200 544 - 45.065 ms
::1 GET /perfumes/http://localhost:2222/uploads/1764870494473-a3b5138f-3dbe-43f7-ac74-78c706b0e8d5.jpg 404 38 - 0.154 ms
::1 GET /perfumes? 304 - - 44.282 ms
::1 POST /products 404 38 - 0.120 ms
::1 POST /products 404 38 - 0.200 ms
::1 POST /products 404 38 - 0.199 ms
::1 POST /products 404 38 - 0.280 ms
::1 POST /products 404 38 - 0.164 ms
::1 POST /products 404 38 - 0.136 ms
::1 POST /perfumes 500 53 - 63.659 ms
::1 GET /perfumes? 304 - - 43.659 ms
::1 GET /perfumes/http://localhost:2222/uploads/1764870494473-a3b5138f-3dbe-43f7-ac74-78c706b0e8d5.jpg 404 38 - 0.232 ms
::1 GET /perfumes? 304 - - 44.138 ms
::1 POST /perfumes 500 53 - 48.263 ms
::1 POST /perfumes 400 75 - 3.759 ms
::1 POST /perfumes 201 373 - 99.093 ms
::1 GET /perfumes? 200 894 - 44.357 ms
::1 GET /perfumes/http://localhost:2222/uploads/1764939988126-f91f710f-5264-4422-9342-d76ce8166dc0.jpg 404 38 - 0.338 ms
::1 GET /perfumes/http://localhost:2222/uploads/1764870494473-a3b5138f-3dbe-43f7-ac74-78c706b0e8d5.jpg 404 38 - 0.617 ms
::1 GET /perfumes? 304 - - 43.480 ms
::1 GET /perfumes? 304 - - 48.117 ms
::1 GET /perfumes/http://localhost:2222/uploads/1764939988126-f91f710f-5264-4422-9342-d76ce8166dc0.jpg 404 38 - 0.251 ms
::1 GET /perfumes/http://localhost:2222/uploads/1764870494473-a3b5138f-3dbe-43f7-ac74-78c706b0e8d5.jpg 404 38 - 0.344 ms
::1 GET /perfumes? 304 - - 43.386 ms
::1 GET /perfumes? 304 - - 43.928 ms
::1 GET /perfumes/http://localhost:2222/uploads/1764939988126-f91f710f-5264-4422-9342-d76ce8166dc0.jpg 404 38 - 0.486 ms
::1 GET /perfumes/http://localhost:2222/uploads/1764870494473-a3b5138f-3dbe-43f7-ac74-78c706b0e8d5.jpg 404 38 - 0.206 ms
::1 GET /perfumes? 304 - - 46.517 ms
::1 GET /uploads/1764870494473-a3b5138f-3dbe-43f7-ac74-78c706b0e8d5.jpg 404 38 - 2.215 ms
::1 GET /uploads/1764939988126-f91f710f-5264-4422-9342-d76ce8166dc0.jpg 200 21706 - 5.784 ms
::1 GET /perfumes? 304 - - 47.010 ms
::1 GET /uploads/1764870494473-a3b5138f-3dbe-43f7-ac74-78c706b0e8d5.jpg 404 38 - 1.121 ms
::1 GET /uploads/1764939988126-f91f710f-5264-4422-9342-d76ce8166dc0.jpg 304 - - 1.596 ms
::1 GET /perfumes? 304 - - 45.148 ms
::1 GET /perfumes? 304 - - 43.140 ms
::1 GET /uploads/1764870494473-a3b5138f-3dbe-43f7-ac74-78c706b0e8d5.jpg 404 38 - 1.983 ms
::1 GET /uploads/1764939988126-f91f710f-5264-4422-9342-d76ce8166dc0.jpg 304 - - 1.907 ms
::1 GET /perfumes? 304 - - 43.654 ms
::1 GET /perfumes? 304 - - 44.847 ms
::1 GET /uploads/1764870494473-a3b5138f-3dbe-43f7-ac74-78c706b0e8d5.jpg 404 38 - 1.254 ms
::1 GET /uploads/1764939988126-f91f710f-5264-4422-9342-d76ce8166dc0.jpg 304 - - 1.380 ms
::1 GET /perfumes? 304 - - 41.925 ms
::1 GET /perfumes?concentration=EDP 200 375 - 43.349 ms
::1 GET /perfumes?concentration=EDT 200 544 - 41.819 ms
::1 GET /uploads/1764870494473-a3b5138f-3dbe-43f7-ac74-78c706b0e8d5.jpg 404 38 - 0.793 ms
::1 GET /perfumes? 304 - - 42.374 ms
::1 GET /uploads/1764939988126-f91f710f-5264-4422-9342-d76ce8166dc0.jpg 304 - - 0.762 ms
::1 GET /perfumes? 304 - - 41.388 ms
::1 GET /perfumes? 304 - - 43.055 ms
::1 GET /uploads/1764870494473-a3b5138f-3dbe-43f7-ac74-78c706b0e8d5.jpg 404 38 - 0.762 ms
::1 GET /uploads/1764939988126-f91f710f-5264-4422-9342-d76ce8166dc0.jpg 304 - - 0.840 ms
::1 GET /perfumes? 304 - - 44.861 ms
::1 GET /perfumes? 304 - - 41.820 ms
::1 GET /uploads/1764870494473-a3b5138f-3dbe-43f7-ac74-78c706b0e8d5.jpg 404 38 - 1.195 ms
::1 GET /perfumes? 304 - - 43.622 ms
::1 PUT /perfumes/undefined 404 38 - 0.187 ms
::1 PUT /perfumes/undefined 404 38 - 0.549 ms
::1 PUT /perfumes/undefined 404 38 - 0.199 ms
::1 PUT /perfumes/undefined 404 38 - 0.163 ms
::1 PUT /perfumes/undefined 404 38 - 0.175 ms
::1 PUT /perfumes/undefined 404 38 - 0.212 ms
::1 PUT /perfumes/undefined 404 38 - 0.222 ms
::1 PUT /perfumes/undefined 404 38 - 0.205 ms
::1 PUT /perfumes/undefined 404 38 - 0.211 ms
::1 GET /perfumes? 304 - - 42.935 ms
::1 GET /uploads/1764870494473-a3b5138f-3dbe-43f7-ac74-78c706b0e8d5.jpg 404 38 - 1.620 ms
::1 GET /uploads/1764939988126-f91f710f-5264-4422-9342-d76ce8166dc0.jpg 304 - - 2.103 ms
::1 GET /perfumes? 304 - - 44.405 ms
::1 PUT /perfumes/undefined 404 38 - 0.198 ms
::1 PUT /perfumes/undefined 404 38 - 0.262 ms
::1 GET /perfumes? 304 - - 44.815 ms
::1 GET /uploads/1764939988126-f91f710f-5264-4422-9342-d76ce8166dc0.jpg 304 - - 0.879 ms
::1 GET /uploads/1764870494473-a3b5138f-3dbe-43f7-ac74-78c706b0e8d5.jpg 404 38 - 1.088 ms
::1 GET /perfumes? 304 - - 42.715 ms
::1 GET /perfumes? 304 - - 43.195 ms
::1 GET /uploads/1764870494473-a3b5138f-3dbe-43f7-ac74-78c706b0e8d5.jpg 404 38 - 0.828 ms
::1 GET /uploads/1764939988126-f91f710f-5264-4422-9342-d76ce8166dc0.jpg 304 - - 1.095 ms
::1 GET /perfumes? 304 - - 45.698 ms
::1 GET /perfumes? 304 - - 48.687 ms
::1 GET /uploads/1764870494473-a3b5138f-3dbe-43f7-ac74-78c706b0e8d5.jpg 404 38 - 1.088 ms
::1 GET /uploads/1764939988126-f91f710f-5264-4422-9342-d76ce8166dc0.jpg 304 - - 1.314 ms
::1 GET /perfumes? 304 - - 43.325 ms
::1 GET /perfumes? 304 - - 43.623 ms
::1 GET /uploads/1764870494473-a3b5138f-3dbe-43f7-ac74-78c706b0e8d5.jpg 404 38 - 2.375 ms
::1 GET /uploads/1764939988126-f91f710f-5264-4422-9342-d76ce8166dc0.jpg 304 - - 1.801 ms
::1 GET /perfumes? 304 - - 57.015 ms
::1 GET /perfumes? 304 - - 56.756 ms
::1 GET /uploads/1764870494473-a3b5138f-3dbe-43f7-ac74-78c706b0e8d5.jpg 404 38 - 1.286 ms
::1 GET /uploads/1764939988126-f91f710f-5264-4422-9342-d76ce8166dc0.jpg 304 - - 1.347 ms
::1 GET /perfumes? 304 - - 41.657 ms
::1 PUT /perfumes/6932d8d47baedd454c99d668 404 38 - 0.166 ms
::1 GET /perfumes? 304 - - 40.759 ms
::1 GET /perfumes? 304 - - 44.345 ms
::1 PUT /perfumes/6931c95ea0dbe03a5b7619da 404 38 - 0.563 ms
::1 GET /perfumes? 304 - - 52.742 ms
::1 GET /perfumes? 304 - - 46.657 ms
::1 GET /uploads/1764870494473-a3b5138f-3dbe-43f7-ac74-78c706b0e8d5.jpg 404 38 - 1.167 ms
::1 GET /uploads/1764939988126-f91f710f-5264-4422-9342-d76ce8166dc0.jpg 304 - - 1.276 ms
::1 GET /perfumes? 304 - - 44.685 ms
::1 PUT /perfumes/6931c95ea0dbe03a5b7619da 404 38 - 0.200 ms
::1 GET /perfumes? 304 - - 44.513 ms
::1 PATCH /perfumes/6931c95ea0dbe03a5b7619da 401 39 - 1.909 ms
::1 GET /perfumes? 304 - - 47.274 ms
::1 PATCH /perfumes/6931c95ea0dbe03a5b7619da 401 39 - 1.593 ms
::1 GET /perfumes? 304 - - 41.587 ms
::1 GET /perfumes? 304 - - 42.268 ms
::1 GET /uploads/1764870494473-a3b5138f-3dbe-43f7-ac74-78c706b0e8d5.jpg 404 38 - 1.812 ms
::1 GET /uploads/1764939988126-f91f710f-5264-4422-9342-d76ce8166dc0.jpg 304 - - 1.988 ms
::1 GET /perfumes? 304 - - 44.038 ms
::1 PATCH /perfumes/6931c95ea0dbe03a5b7619da 401 39 - 0.897 ms
::1 GET /perfumes? 304 - - 44.083 ms
::1 PATCH /perfumes/6931c95ea0dbe03a5b7619da 401 39 - 1.479 ms
::1 GET /perfumes? 304 - - 50.911 ms
::1 GET /perfumes? 304 - - 43.012 ms
::1 GET /uploads/1764870494473-a3b5138f-3dbe-43f7-ac74-78c706b0e8d5.jpg 404 38 - 1.103 ms
::1 GET /uploads/1764939988126-f91f710f-5264-4422-9342-d76ce8166dc0.jpg 304 - - 1.456 ms
::1 GET /perfumes? 304 - - 42.658 ms
::1 PATCH /perfumes/6931c95ea0dbe03a5b7619da 401 39 - 2.264 ms
::1 GET /perfumes? 304 - - 43.409 ms
::1 GET /perfumes? 304 - - 44.810 ms
::1 GET /uploads/1764870494473-a3b5138f-3dbe-43f7-ac74-78c706b0e8d5.jpg 404 38 - 1.376 ms
::1 GET /uploads/1764939988126-f91f710f-5264-4422-9342-d76ce8166dc0.jpg 304 - - 1.183 ms
::1 GET /perfumes? 304 - - 43.228 ms
::1 PATCH /perfumes/6931c95ea0dbe03a5b7619da 401 39 - 1.100 ms
::1 GET /perfumes? 304 - - 41.464 ms
::1 PATCH /perfumes/6931c95ea0dbe03a5b7619da 401 39 - 1.406 ms
::1 GET /perfumes? 304 - - 45.385 ms
::1 PATCH /perfumes/6931c95ea0dbe03a5b7619da 401 39 - 1.125 ms
::1 GET /perfumes? 304 - - 41.841 ms
::1 PATCH /perfumes/6931c95ea0dbe03a5b7619da 401 39 - 1.072 ms
::1 GET /perfumes? 304 - - 43.765 ms
::1 PATCH /perfumes/6931c95ea0dbe03a5b7619da 401 39 - 1.256 ms
::1 GET /perfumes? 304 - - 44.017 ms
::1 PATCH /perfumes/6931c95ea0dbe03a5b7619da 401 39 - 1.614 ms
::1 GET /perfumes? 304 - - 389.089 ms
::1 PATCH /perfumes/6931c95ea0dbe03a5b7619da 401 39 - 5.937 ms
::1 GET /perfumes? 304 - - 67.743 ms
::1 PATCH /perfumes/6931c95ea0dbe03a5b7619da 401 39 - 4.992 ms
::1 GET /perfumes? 304 - - 67.319 ms
::1 PATCH /perfumes/6931c95ea0dbe03a5b7619da 401 39 - 4.434 ms
::1 GET /perfumes? 304 - - 58.930 ms
::1 POST /auth/login 200 207 - 150.068 ms
::1 GET /perfumes? 304 - - 49.955 ms
::1 GET /uploads/1764870494473-a3b5138f-3dbe-43f7-ac74-78c706b0e8d5.jpg 404 38 - 3.717 ms
::1 GET /uploads/1764939988126-f91f710f-5264-4422-9342-d76ce8166dc0.jpg 304 - - 4.777 ms
::1 GET /perfumes? 304 - - 45.695 ms
::1 PATCH /perfumes/6931c95ea0dbe03a5b7619da 200 542 - 68.022 ms
::1 GET /perfumes? 200 894 - 45.547 ms
::1 GET /uploads/1764944583920-23d64a04-c80c-4c14-8329-2a2b11422579.jpg 200 71373 - 2.151 ms
